 
****************************************
check_design summary:
Version:     L-2016.03-SP3
Date:        Wed Dec  4 11:27:25 2024
****************************************

                   Name                                            Total
--------------------------------------------------------------------------------
Inputs/Outputs                                                    139
    Unconnected ports (LINT-28)                                   135
    Shorted outputs (LINT-31)                                       4

Cells                                                              68
    Connected to power or ground (LINT-32)                         44
    Nets connected to multiple pins on same cell (LINT-33)          4
    Hier pins without driver and load (LINT-60)                    20

Nets                                                               71
    Unloaded nets (LINT-2)                                         71
--------------------------------------------------------------------------------

Warning: In design 'mesi_isc', net 'SYNOPSYS_UNCONNECTED_5' driven by pin 'mesi_isc_breq_fifos/broad_id_o[0]' has no loads. (LINT-2)
Warning: In design 'mesi_isc', net 'SYNOPSYS_UNCONNECTED_4' driven by pin 'mesi_isc_breq_fifos/broad_id_o[1]' has no loads. (LINT-2)
Warning: In design 'mesi_isc', net 'SYNOPSYS_UNCONNECTED_3' driven by pin 'mesi_isc_breq_fifos/broad_id_o[2]' has no loads. (LINT-2)
Warning: In design 'mesi_isc', net 'SYNOPSYS_UNCONNECTED_2' driven by pin 'mesi_isc_breq_fifos/broad_id_o[3]' has no loads. (LINT-2)
Warning: In design 'mesi_isc', net 'SYNOPSYS_UNCONNECTED_1' driven by pin 'mesi_isc_breq_fifos/broad_id_o[4]' has no loads. (LINT-2)
Warning: In design 'mesi_isc', net 'mesi_isc_broad/SYNOPSYS_UNCONNECTED_5' driven by pin 'mesi_isc_broad/broad_fifo/data_o[0]' has no loads. (LINT-2)
Warning: In design 'mesi_isc', net 'mesi_isc_broad/SYNOPSYS_UNCONNECTED_4' driven by pin 'mesi_isc_broad/broad_fifo/data_o[1]' has no loads. (LINT-2)
Warning: In design 'mesi_isc', net 'mesi_isc_broad/SYNOPSYS_UNCONNECTED_3' driven by pin 'mesi_isc_broad/broad_fifo/data_o[2]' has no loads. (LINT-2)
Warning: In design 'mesi_isc', net 'mesi_isc_broad/SYNOPSYS_UNCONNECTED_2' driven by pin 'mesi_isc_broad/broad_fifo/data_o[3]' has no loads. (LINT-2)
Warning: In design 'mesi_isc', net 'mesi_isc_broad/SYNOPSYS_UNCONNECTED_1' driven by pin 'mesi_isc_broad/broad_fifo/data_o[4]' has no loads. (LINT-2)
Warning: In design 'mesi_isc', net 'mesi_isc_breq_fifos/SYNOPSYS_UNCONNECTED_61' driven by pin 'mesi_isc_breq_fifos/fifo_0/data_o[0]' has no loads. (LINT-2)
Warning: In design 'mesi_isc', net 'mesi_isc_breq_fifos/SYNOPSYS_UNCONNECTED_60' driven by pin 'mesi_isc_breq_fifos/fifo_0/data_o[1]' has no loads. (LINT-2)
Warning: In design 'mesi_isc', net 'mesi_isc_breq_fifos/SYNOPSYS_UNCONNECTED_59' driven by pin 'mesi_isc_breq_fifos/fifo_0/data_o[2]' has no loads. (LINT-2)
Warning: In design 'mesi_isc', net 'mesi_isc_breq_fifos/SYNOPSYS_UNCONNECTED_58' driven by pin 'mesi_isc_breq_fifos/fifo_0/data_o[3]' has no loads. (LINT-2)
Warning: In design 'mesi_isc', net 'mesi_isc_breq_fifos/SYNOPSYS_UNCONNECTED_57' driven by pin 'mesi_isc_breq_fifos/fifo_0/data_o[4]' has no loads. (LINT-2)
Warning: In design 'mesi_isc', net 'mesi_isc_breq_fifos/SYNOPSYS_UNCONNECTED_56' driven by pin 'mesi_isc_breq_fifos/fifo_0/data_o[5]' has no loads. (LINT-2)
Warning: In design 'mesi_isc', net 'mesi_isc_breq_fifos/SYNOPSYS_UNCONNECTED_55' driven by pin 'mesi_isc_breq_fifos/fifo_0/data_o[6]' has no loads. (LINT-2)
Warning: In design 'mesi_isc', net 'mesi_isc_breq_fifos/SYNOPSYS_UNCONNECTED_54' driven by pin 'mesi_isc_breq_fifos/fifo_1/data_o[0]' has no loads. (LINT-2)
Warning: In design 'mesi_isc', net 'mesi_isc_breq_fifos/SYNOPSYS_UNCONNECTED_53' driven by pin 'mesi_isc_breq_fifos/fifo_1/data_o[1]' has no loads. (LINT-2)
Warning: In design 'mesi_isc', net 'mesi_isc_breq_fifos/SYNOPSYS_UNCONNECTED_52' driven by pin 'mesi_isc_breq_fifos/fifo_1/data_o[2]' has no loads. (LINT-2)
Warning: In design 'mesi_isc', net 'mesi_isc_breq_fifos/SYNOPSYS_UNCONNECTED_51' driven by pin 'mesi_isc_breq_fifos/fifo_1/data_o[3]' has no loads. (LINT-2)
Warning: In design 'mesi_isc', net 'mesi_isc_breq_fifos/SYNOPSYS_UNCONNECTED_50' driven by pin 'mesi_isc_breq_fifos/fifo_1/data_o[4]' has no loads. (LINT-2)
Warning: In design 'mesi_isc', net 'mesi_isc_breq_fifos/SYNOPSYS_UNCONNECTED_49' driven by pin 'mesi_isc_breq_fifos/fifo_1/data_o[5]' has no loads. (LINT-2)
Warning: In design 'mesi_isc', net 'mesi_isc_breq_fifos/SYNOPSYS_UNCONNECTED_48' driven by pin 'mesi_isc_breq_fifos/fifo_1/data_o[6]' has no loads. (LINT-2)
Warning: In design 'mesi_isc', net 'mesi_isc_breq_fifos/SYNOPSYS_UNCONNECTED_47' driven by pin 'mesi_isc_breq_fifos/fifo_2/data_o[0]' has no loads. (LINT-2)
Warning: In design 'mesi_isc', net 'mesi_isc_breq_fifos/SYNOPSYS_UNCONNECTED_46' driven by pin 'mesi_isc_breq_fifos/fifo_2/data_o[1]' has no loads. (LINT-2)
Warning: In design 'mesi_isc', net 'mesi_isc_breq_fifos/SYNOPSYS_UNCONNECTED_45' driven by pin 'mesi_isc_breq_fifos/fifo_2/data_o[2]' has no loads. (LINT-2)
Warning: In design 'mesi_isc', net 'mesi_isc_breq_fifos/SYNOPSYS_UNCONNECTED_44' driven by pin 'mesi_isc_breq_fifos/fifo_2/data_o[3]' has no loads. (LINT-2)
Warning: In design 'mesi_isc', net 'mesi_isc_breq_fifos/SYNOPSYS_UNCONNECTED_43' driven by pin 'mesi_isc_breq_fifos/fifo_2/data_o[4]' has no loads. (LINT-2)
Warning: In design 'mesi_isc', net 'mesi_isc_breq_fifos/SYNOPSYS_UNCONNECTED_42' driven by pin 'mesi_isc_breq_fifos/fifo_2/data_o[5]' has no loads. (LINT-2)
Warning: In design 'mesi_isc', net 'mesi_isc_breq_fifos/SYNOPSYS_UNCONNECTED_41' driven by pin 'mesi_isc_breq_fifos/fifo_2/data_o[6]' has no loads. (LINT-2)
Warning: In design 'mesi_isc', net 'mesi_isc_breq_fifos/SYNOPSYS_UNCONNECTED_40' driven by pin 'mesi_isc_breq_fifos/fifo_3/data_o[0]' has no loads. (LINT-2)
Warning: In design 'mesi_isc', net 'mesi_isc_breq_fifos/SYNOPSYS_UNCONNECTED_39' driven by pin 'mesi_isc_breq_fifos/fifo_3/data_o[1]' has no loads. (LINT-2)
Warning: In design 'mesi_isc', net 'mesi_isc_breq_fifos/SYNOPSYS_UNCONNECTED_38' driven by pin 'mesi_isc_breq_fifos/fifo_3/data_o[2]' has no loads. (LINT-2)
Warning: In design 'mesi_isc', net 'mesi_isc_breq_fifos/SYNOPSYS_UNCONNECTED_37' driven by pin 'mesi_isc_breq_fifos/fifo_3/data_o[3]' has no loads. (LINT-2)
Warning: In design 'mesi_isc', net 'mesi_isc_breq_fifos/SYNOPSYS_UNCONNECTED_36' driven by pin 'mesi_isc_breq_fifos/fifo_3/data_o[4]' has no loads. (LINT-2)
Warning: In design 'mesi_isc', net 'mesi_isc_breq_fifos/SYNOPSYS_UNCONNECTED_35' driven by pin 'mesi_isc_breq_fifos/fifo_3/data_o[5]' has no loads. (LINT-2)
Warning: In design 'mesi_isc', net 'mesi_isc_breq_fifos/SYNOPSYS_UNCONNECTED_34' driven by pin 'mesi_isc_breq_fifos/fifo_3/data_o[6]' has no loads. (LINT-2)
Warning: In design 'mesi_isc', net 'mesi_isc_breq_fifos/SYNOPSYS_UNCONNECTED_33' driven by pin 'mesi_isc_breq_fifos/mesi_isc_breq_fifos_cntl/breq_id_array_o[0]' has no loads. (LINT-2)
Warning: In design 'mesi_isc', net 'mesi_isc_breq_fifos/SYNOPSYS_UNCONNECTED_32' driven by pin 'mesi_isc_breq_fifos/mesi_isc_breq_fifos_cntl/breq_id_array_o[1]' has no loads. (LINT-2)
Warning: In design 'mesi_isc', net 'mesi_isc_breq_fifos/SYNOPSYS_UNCONNECTED_31' driven by pin 'mesi_isc_breq_fifos/mesi_isc_breq_fifos_cntl/breq_id_array_o[2]' has no loads. (LINT-2)
Warning: In design 'mesi_isc', net 'mesi_isc_breq_fifos/SYNOPSYS_UNCONNECTED_30' driven by pin 'mesi_isc_breq_fifos/mesi_isc_breq_fifos_cntl/breq_id_array_o[3]' has no loads. (LINT-2)
Warning: In design 'mesi_isc', net 'mesi_isc_breq_fifos/SYNOPSYS_UNCONNECTED_29' driven by pin 'mesi_isc_breq_fifos/mesi_isc_breq_fifos_cntl/breq_id_array_o[4]' has no loads. (LINT-2)
Warning: In design 'mesi_isc', net 'mesi_isc_breq_fifos/SYNOPSYS_UNCONNECTED_28' driven by pin 'mesi_isc_breq_fifos/mesi_isc_breq_fifos_cntl/breq_id_array_o[5]' has no loads. (LINT-2)
Warning: In design 'mesi_isc', net 'mesi_isc_breq_fifos/SYNOPSYS_UNCONNECTED_27' driven by pin 'mesi_isc_breq_fifos/mesi_isc_breq_fifos_cntl/breq_id_array_o[6]' has no loads. (LINT-2)
Warning: In design 'mesi_isc', net 'mesi_isc_breq_fifos/SYNOPSYS_UNCONNECTED_26' driven by pin 'mesi_isc_breq_fifos/mesi_isc_breq_fifos_cntl/breq_id_array_o[7]' has no loads. (LINT-2)
Warning: In design 'mesi_isc', net 'mesi_isc_breq_fifos/SYNOPSYS_UNCONNECTED_25' driven by pin 'mesi_isc_breq_fifos/mesi_isc_breq_fifos_cntl/breq_id_array_o[8]' has no loads. (LINT-2)
Warning: In design 'mesi_isc', net 'mesi_isc_breq_fifos/SYNOPSYS_UNCONNECTED_24' driven by pin 'mesi_isc_breq_fifos/mesi_isc_breq_fifos_cntl/breq_id_array_o[9]' has no loads. (LINT-2)
Warning: In design 'mesi_isc', net 'mesi_isc_breq_fifos/SYNOPSYS_UNCONNECTED_23' driven by pin 'mesi_isc_breq_fifos/mesi_isc_breq_fifos_cntl/breq_id_array_o[10]' has no loads. (LINT-2)
Warning: In design 'mesi_isc', net 'mesi_isc_breq_fifos/SYNOPSYS_UNCONNECTED_22' driven by pin 'mesi_isc_breq_fifos/mesi_isc_breq_fifos_cntl/breq_id_array_o[11]' has no loads. (LINT-2)
Warning: In design 'mesi_isc', net 'mesi_isc_breq_fifos/SYNOPSYS_UNCONNECTED_21' driven by pin 'mesi_isc_breq_fifos/mesi_isc_breq_fifos_cntl/breq_id_array_o[12]' has no loads. (LINT-2)
Warning: In design 'mesi_isc', net 'mesi_isc_breq_fifos/SYNOPSYS_UNCONNECTED_20' driven by pin 'mesi_isc_breq_fifos/mesi_isc_breq_fifos_cntl/breq_id_array_o[13]' has no loads. (LINT-2)
Warning: In design 'mesi_isc', net 'mesi_isc_breq_fifos/SYNOPSYS_UNCONNECTED_19' driven by pin 'mesi_isc_breq_fifos/mesi_isc_breq_fifos_cntl/breq_id_array_o[14]' has no loads. (LINT-2)
Warning: In design 'mesi_isc', net 'mesi_isc_breq_fifos/SYNOPSYS_UNCONNECTED_18' driven by pin 'mesi_isc_breq_fifos/mesi_isc_breq_fifos_cntl/breq_id_array_o[15]' has no loads. (LINT-2)
Warning: In design 'mesi_isc', net 'mesi_isc_breq_fifos/SYNOPSYS_UNCONNECTED_17' driven by pin 'mesi_isc_breq_fifos/mesi_isc_breq_fifos_cntl/breq_id_array_o[16]' has no loads. (LINT-2)
Warning: In design 'mesi_isc', net 'mesi_isc_breq_fifos/SYNOPSYS_UNCONNECTED_16' driven by pin 'mesi_isc_breq_fifos/mesi_isc_breq_fifos_cntl/breq_id_array_o[17]' has no loads. (LINT-2)
Warning: In design 'mesi_isc', net 'mesi_isc_breq_fifos/SYNOPSYS_UNCONNECTED_15' driven by pin 'mesi_isc_breq_fifos/mesi_isc_breq_fifos_cntl/breq_id_array_o[18]' has no loads. (LINT-2)
Warning: In design 'mesi_isc', net 'mesi_isc_breq_fifos/SYNOPSYS_UNCONNECTED_14' driven by pin 'mesi_isc_breq_fifos/mesi_isc_breq_fifos_cntl/breq_id_array_o[19]' has no loads. (LINT-2)
Warning: In design 'mesi_isc', net 'mesi_isc_breq_fifos/SYNOPSYS_UNCONNECTED_13' driven by pin 'mesi_isc_breq_fifos/mesi_isc_breq_fifos_cntl/breq_cpu_id_array_o[0]' has no loads. (LINT-2)
Warning: In design 'mesi_isc', net 'mesi_isc_breq_fifos/SYNOPSYS_UNCONNECTED_12' driven by pin 'mesi_isc_breq_fifos/mesi_isc_breq_fifos_cntl/breq_cpu_id_array_o[1]' has no loads. (LINT-2)
Warning: In design 'mesi_isc', net 'mesi_isc_breq_fifos/SYNOPSYS_UNCONNECTED_11' driven by pin 'mesi_isc_breq_fifos/mesi_isc_breq_fifos_cntl/breq_cpu_id_array_o[2]' has no loads. (LINT-2)
Warning: In design 'mesi_isc', net 'mesi_isc_breq_fifos/SYNOPSYS_UNCONNECTED_10' driven by pin 'mesi_isc_breq_fifos/mesi_isc_breq_fifos_cntl/breq_cpu_id_array_o[3]' has no loads. (LINT-2)
Warning: In design 'mesi_isc', net 'mesi_isc_breq_fifos/SYNOPSYS_UNCONNECTED_9' driven by pin 'mesi_isc_breq_fifos/mesi_isc_breq_fifos_cntl/breq_cpu_id_array_o[4]' has no loads. (LINT-2)
Warning: In design 'mesi_isc', net 'mesi_isc_breq_fifos/SYNOPSYS_UNCONNECTED_8' driven by pin 'mesi_isc_breq_fifos/mesi_isc_breq_fifos_cntl/breq_cpu_id_array_o[5]' has no loads. (LINT-2)
Warning: In design 'mesi_isc', net 'mesi_isc_breq_fifos/SYNOPSYS_UNCONNECTED_7' driven by pin 'mesi_isc_breq_fifos/mesi_isc_breq_fifos_cntl/breq_cpu_id_array_o[6]' has no loads. (LINT-2)
Warning: In design 'mesi_isc', net 'mesi_isc_breq_fifos/SYNOPSYS_UNCONNECTED_6' driven by pin 'mesi_isc_breq_fifos/mesi_isc_breq_fifos_cntl/breq_cpu_id_array_o[7]' has no loads. (LINT-2)
Warning: In design 'mesi_isc', net 'mesi_isc_breq_fifos/SYNOPSYS_UNCONNECTED_5' driven by pin 'mesi_isc_breq_fifos/mesi_isc_breq_fifos_cntl/broad_id_o[0]' has no loads. (LINT-2)
Warning: In design 'mesi_isc', net 'mesi_isc_breq_fifos/SYNOPSYS_UNCONNECTED_4' driven by pin 'mesi_isc_breq_fifos/mesi_isc_breq_fifos_cntl/broad_id_o[1]' has no loads. (LINT-2)
Warning: In design 'mesi_isc', net 'mesi_isc_breq_fifos/SYNOPSYS_UNCONNECTED_3' driven by pin 'mesi_isc_breq_fifos/mesi_isc_breq_fifos_cntl/broad_id_o[2]' has no loads. (LINT-2)
Warning: In design 'mesi_isc', net 'mesi_isc_breq_fifos/SYNOPSYS_UNCONNECTED_2' driven by pin 'mesi_isc_breq_fifos/mesi_isc_breq_fifos_cntl/broad_id_o[3]' has no loads. (LINT-2)
Warning: In design 'mesi_isc', net 'mesi_isc_breq_fifos/SYNOPSYS_UNCONNECTED_1' driven by pin 'mesi_isc_breq_fifos/mesi_isc_breq_fifos_cntl/broad_id_o[4]' has no loads. (LINT-2)
Warning: In design 'mesi_isc_broad_CBUS_CMD_WIDTH3_ADDR_WIDTH32_BROAD_TYPE_WIDTH2_BROAD_ID_WIDTH5_BROAD_REQ_FIFO_SIZE4_BROAD_REQ_FIFO_SIZE_LOG22', port 'broad_id_i[4]' is not connected to any nets. (LINT-28)
Warning: In design 'mesi_isc_broad_CBUS_CMD_WIDTH3_ADDR_WIDTH32_BROAD_TYPE_WIDTH2_BROAD_ID_WIDTH5_BROAD_REQ_FIFO_SIZE4_BROAD_REQ_FIFO_SIZE_LOG22', port 'broad_id_i[3]' is not connected to any nets. (LINT-28)
Warning: In design 'mesi_isc_broad_CBUS_CMD_WIDTH3_ADDR_WIDTH32_BROAD_TYPE_WIDTH2_BROAD_ID_WIDTH5_BROAD_REQ_FIFO_SIZE4_BROAD_REQ_FIFO_SIZE_LOG22', port 'broad_id_i[2]' is not connected to any nets. (LINT-28)
Warning: In design 'mesi_isc_broad_CBUS_CMD_WIDTH3_ADDR_WIDTH32_BROAD_TYPE_WIDTH2_BROAD_ID_WIDTH5_BROAD_REQ_FIFO_SIZE4_BROAD_REQ_FIFO_SIZE_LOG22', port 'broad_id_i[1]' is not connected to any nets. (LINT-28)
Warning: In design 'mesi_isc_broad_CBUS_CMD_WIDTH3_ADDR_WIDTH32_BROAD_TYPE_WIDTH2_BROAD_ID_WIDTH5_BROAD_REQ_FIFO_SIZE4_BROAD_REQ_FIFO_SIZE_LOG22', port 'broad_id_i[0]' is not connected to any nets. (LINT-28)
Warning: In design 'mesi_isc_breq_fifos_MBUS_CMD_WIDTH3_ADDR_WIDTH32_BROAD_TYPE_WIDTH2_BROAD_ID_WIDTH5_BREQ_FIFO_SIZE2_BREQ_FIFO_SIZE_LOG21', port 'broad_id_o[4]' is not connected to any nets. (LINT-28)
Warning: In design 'mesi_isc_breq_fifos_MBUS_CMD_WIDTH3_ADDR_WIDTH32_BROAD_TYPE_WIDTH2_BROAD_ID_WIDTH5_BREQ_FIFO_SIZE2_BREQ_FIFO_SIZE_LOG21', port 'broad_id_o[3]' is not connected to any nets. (LINT-28)
Warning: In design 'mesi_isc_breq_fifos_MBUS_CMD_WIDTH3_ADDR_WIDTH32_BROAD_TYPE_WIDTH2_BROAD_ID_WIDTH5_BREQ_FIFO_SIZE2_BREQ_FIFO_SIZE_LOG21', port 'broad_id_o[2]' is not connected to any nets. (LINT-28)
Warning: In design 'mesi_isc_breq_fifos_MBUS_CMD_WIDTH3_ADDR_WIDTH32_BROAD_TYPE_WIDTH2_BROAD_ID_WIDTH5_BREQ_FIFO_SIZE2_BREQ_FIFO_SIZE_LOG21', port 'broad_id_o[1]' is not connected to any nets. (LINT-28)
Warning: In design 'mesi_isc_breq_fifos_MBUS_CMD_WIDTH3_ADDR_WIDTH32_BROAD_TYPE_WIDTH2_BROAD_ID_WIDTH5_BREQ_FIFO_SIZE2_BREQ_FIFO_SIZE_LOG21', port 'broad_id_o[0]' is not connected to any nets. (LINT-28)
Warning: In design 'mesi_isc_broad_cntl_CBUS_CMD_WIDTH3_BROAD_TYPE_WIDTH2_BROAD_ID_WIDTH5', port 'fifo_status_full_i' is not connected to any nets. (LINT-28)
Warning: In design 'mesi_isc_broad_cntl_CBUS_CMD_WIDTH3_BROAD_TYPE_WIDTH2_BROAD_ID_WIDTH5', port 'broad_snoop_id_i[4]' is not connected to any nets. (LINT-28)
Warning: In design 'mesi_isc_broad_cntl_CBUS_CMD_WIDTH3_BROAD_TYPE_WIDTH2_BROAD_ID_WIDTH5', port 'broad_snoop_id_i[3]' is not connected to any nets. (LINT-28)
Warning: In design 'mesi_isc_broad_cntl_CBUS_CMD_WIDTH3_BROAD_TYPE_WIDTH2_BROAD_ID_WIDTH5', port 'broad_snoop_id_i[2]' is not connected to any nets. (LINT-28)
Warning: In design 'mesi_isc_broad_cntl_CBUS_CMD_WIDTH3_BROAD_TYPE_WIDTH2_BROAD_ID_WIDTH5', port 'broad_snoop_id_i[1]' is not connected to any nets. (LINT-28)
Warning: In design 'mesi_isc_broad_cntl_CBUS_CMD_WIDTH3_BROAD_TYPE_WIDTH2_BROAD_ID_WIDTH5', port 'broad_snoop_id_i[0]' is not connected to any nets. (LINT-28)
Warning: In design 'mesi_isc_basic_fifo_DATA_WIDTH41_FIFO_SIZE4_FIFO_SIZE_LOG22', port 'data_i[4]' is not connected to any nets. (LINT-28)
Warning: In design 'mesi_isc_basic_fifo_DATA_WIDTH41_FIFO_SIZE4_FIFO_SIZE_LOG22', port 'data_i[3]' is not connected to any nets. (LINT-28)
Warning: In design 'mesi_isc_basic_fifo_DATA_WIDTH41_FIFO_SIZE4_FIFO_SIZE_LOG22', port 'data_i[2]' is not connected to any nets. (LINT-28)
Warning: In design 'mesi_isc_basic_fifo_DATA_WIDTH41_FIFO_SIZE4_FIFO_SIZE_LOG22', port 'data_i[1]' is not connected to any nets. (LINT-28)
Warning: In design 'mesi_isc_basic_fifo_DATA_WIDTH41_FIFO_SIZE4_FIFO_SIZE_LOG22', port 'data_i[0]' is not connected to any nets. (LINT-28)
Warning: In design 'mesi_isc_basic_fifo_DATA_WIDTH41_FIFO_SIZE4_FIFO_SIZE_LOG22', port 'data_o[4]' is not connected to any nets. (LINT-28)
Warning: In design 'mesi_isc_basic_fifo_DATA_WIDTH41_FIFO_SIZE4_FIFO_SIZE_LOG22', port 'data_o[3]' is not connected to any nets. (LINT-28)
Warning: In design 'mesi_isc_basic_fifo_DATA_WIDTH41_FIFO_SIZE4_FIFO_SIZE_LOG22', port 'data_o[2]' is not connected to any nets. (LINT-28)
Warning: In design 'mesi_isc_basic_fifo_DATA_WIDTH41_FIFO_SIZE4_FIFO_SIZE_LOG22', port 'data_o[1]' is not connected to any nets. (LINT-28)
Warning: In design 'mesi_isc_basic_fifo_DATA_WIDTH41_FIFO_SIZE4_FIFO_SIZE_LOG22', port 'data_o[0]' is not connected to any nets. (LINT-28)
Warning: In design 'mesi_isc_breq_fifos_cntl_MBUS_CMD_WIDTH3_ADDR_WIDTH32_BROAD_TYPE_WIDTH2_BROAD_ID_WIDTH5', port 'broad_id_array_i[19]' is not connected to any nets. (LINT-28)
Warning: In design 'mesi_isc_breq_fifos_cntl_MBUS_CMD_WIDTH3_ADDR_WIDTH32_BROAD_TYPE_WIDTH2_BROAD_ID_WIDTH5', port 'broad_id_array_i[18]' is not connected to any nets. (LINT-28)
Warning: In design 'mesi_isc_breq_fifos_cntl_MBUS_CMD_WIDTH3_ADDR_WIDTH32_BROAD_TYPE_WIDTH2_BROAD_ID_WIDTH5', port 'broad_id_array_i[17]' is not connected to any nets. (LINT-28)
Warning: In design 'mesi_isc_breq_fifos_cntl_MBUS_CMD_WIDTH3_ADDR_WIDTH32_BROAD_TYPE_WIDTH2_BROAD_ID_WIDTH5', port 'broad_id_array_i[16]' is not connected to any nets. (LINT-28)
Warning: In design 'mesi_isc_breq_fifos_cntl_MBUS_CMD_WIDTH3_ADDR_WIDTH32_BROAD_TYPE_WIDTH2_BROAD_ID_WIDTH5', port 'broad_id_array_i[15]' is not connected to any nets. (LINT-28)
Warning: In design 'mesi_isc_breq_fifos_cntl_MBUS_CMD_WIDTH3_ADDR_WIDTH32_BROAD_TYPE_WIDTH2_BROAD_ID_WIDTH5', port 'broad_id_array_i[14]' is not connected to any nets. (LINT-28)
Warning: In design 'mesi_isc_breq_fifos_cntl_MBUS_CMD_WIDTH3_ADDR_WIDTH32_BROAD_TYPE_WIDTH2_BROAD_ID_WIDTH5', port 'broad_id_array_i[13]' is not connected to any nets. (LINT-28)
Warning: In design 'mesi_isc_breq_fifos_cntl_MBUS_CMD_WIDTH3_ADDR_WIDTH32_BROAD_TYPE_WIDTH2_BROAD_ID_WIDTH5', port 'broad_id_array_i[12]' is not connected to any nets. (LINT-28)
Warning: In design 'mesi_isc_breq_fifos_cntl_MBUS_CMD_WIDTH3_ADDR_WIDTH32_BROAD_TYPE_WIDTH2_BROAD_ID_WIDTH5', port 'broad_id_array_i[11]' is not connected to any nets. (LINT-28)
Warning: In design 'mesi_isc_breq_fifos_cntl_MBUS_CMD_WIDTH3_ADDR_WIDTH32_BROAD_TYPE_WIDTH2_BROAD_ID_WIDTH5', port 'broad_id_array_i[10]' is not connected to any nets. (LINT-28)
Warning: In design 'mesi_isc_breq_fifos_cntl_MBUS_CMD_WIDTH3_ADDR_WIDTH32_BROAD_TYPE_WIDTH2_BROAD_ID_WIDTH5', port 'broad_id_array_i[9]' is not connected to any nets. (LINT-28)
Warning: In design 'mesi_isc_breq_fifos_cntl_MBUS_CMD_WIDTH3_ADDR_WIDTH32_BROAD_TYPE_WIDTH2_BROAD_ID_WIDTH5', port 'broad_id_array_i[8]' is not connected to any nets. (LINT-28)
Warning: In design 'mesi_isc_breq_fifos_cntl_MBUS_CMD_WIDTH3_ADDR_WIDTH32_BROAD_TYPE_WIDTH2_BROAD_ID_WIDTH5', port 'broad_id_array_i[7]' is not connected to any nets. (LINT-28)
Warning: In design 'mesi_isc_breq_fifos_cntl_MBUS_CMD_WIDTH3_ADDR_WIDTH32_BROAD_TYPE_WIDTH2_BROAD_ID_WIDTH5', port 'broad_id_array_i[6]' is not connected to any nets. (LINT-28)
Warning: In design 'mesi_isc_breq_fifos_cntl_MBUS_CMD_WIDTH3_ADDR_WIDTH32_BROAD_TYPE_WIDTH2_BROAD_ID_WIDTH5', port 'broad_id_array_i[5]' is not connected to any nets. (LINT-28)
Warning: In design 'mesi_isc_breq_fifos_cntl_MBUS_CMD_WIDTH3_ADDR_WIDTH32_BROAD_TYPE_WIDTH2_BROAD_ID_WIDTH5', port 'broad_id_array_i[4]' is not connected to any nets. (LINT-28)
Warning: In design 'mesi_isc_breq_fifos_cntl_MBUS_CMD_WIDTH3_ADDR_WIDTH32_BROAD_TYPE_WIDTH2_BROAD_ID_WIDTH5', port 'broad_id_array_i[3]' is not connected to any nets. (LINT-28)
Warning: In design 'mesi_isc_breq_fifos_cntl_MBUS_CMD_WIDTH3_ADDR_WIDTH32_BROAD_TYPE_WIDTH2_BROAD_ID_WIDTH5', port 'broad_id_array_i[2]' is not connected to any nets. (LINT-28)
Warning: In design 'mesi_isc_breq_fifos_cntl_MBUS_CMD_WIDTH3_ADDR_WIDTH32_BROAD_TYPE_WIDTH2_BROAD_ID_WIDTH5', port 'broad_id_array_i[1]' is not connected to any nets. (LINT-28)
Warning: In design 'mesi_isc_breq_fifos_cntl_MBUS_CMD_WIDTH3_ADDR_WIDTH32_BROAD_TYPE_WIDTH2_BROAD_ID_WIDTH5', port 'broad_id_array_i[0]' is not connected to any nets. (LINT-28)
Warning: In design 'mesi_isc_breq_fifos_cntl_MBUS_CMD_WIDTH3_ADDR_WIDTH32_BROAD_TYPE_WIDTH2_BROAD_ID_WIDTH5', port 'broad_id_o[4]' is not connected to any nets. (LINT-28)
Warning: In design 'mesi_isc_breq_fifos_cntl_MBUS_CMD_WIDTH3_ADDR_WIDTH32_BROAD_TYPE_WIDTH2_BROAD_ID_WIDTH5', port 'broad_id_o[3]' is not connected to any nets. (LINT-28)
Warning: In design 'mesi_isc_breq_fifos_cntl_MBUS_CMD_WIDTH3_ADDR_WIDTH32_BROAD_TYPE_WIDTH2_BROAD_ID_WIDTH5', port 'broad_id_o[2]' is not connected to any nets. (LINT-28)
Warning: In design 'mesi_isc_breq_fifos_cntl_MBUS_CMD_WIDTH3_ADDR_WIDTH32_BROAD_TYPE_WIDTH2_BROAD_ID_WIDTH5', port 'broad_id_o[1]' is not connected to any nets. (LINT-28)
Warning: In design 'mesi_isc_breq_fifos_cntl_MBUS_CMD_WIDTH3_ADDR_WIDTH32_BROAD_TYPE_WIDTH2_BROAD_ID_WIDTH5', port 'broad_id_o[0]' is not connected to any nets. (LINT-28)
Warning: In design 'mesi_isc_breq_fifos_cntl_MBUS_CMD_WIDTH3_ADDR_WIDTH32_BROAD_TYPE_WIDTH2_BROAD_ID_WIDTH5', port 'breq_cpu_id_array_o[7]' is not connected to any nets. (LINT-28)
Warning: In design 'mesi_isc_breq_fifos_cntl_MBUS_CMD_WIDTH3_ADDR_WIDTH32_BROAD_TYPE_WIDTH2_BROAD_ID_WIDTH5', port 'breq_cpu_id_array_o[6]' is not connected to any nets. (LINT-28)
Warning: In design 'mesi_isc_breq_fifos_cntl_MBUS_CMD_WIDTH3_ADDR_WIDTH32_BROAD_TYPE_WIDTH2_BROAD_ID_WIDTH5', port 'breq_cpu_id_array_o[5]' is not connected to any nets. (LINT-28)
Warning: In design 'mesi_isc_breq_fifos_cntl_MBUS_CMD_WIDTH3_ADDR_WIDTH32_BROAD_TYPE_WIDTH2_BROAD_ID_WIDTH5', port 'breq_cpu_id_array_o[4]' is not connected to any nets. (LINT-28)
Warning: In design 'mesi_isc_breq_fifos_cntl_MBUS_CMD_WIDTH3_ADDR_WIDTH32_BROAD_TYPE_WIDTH2_BROAD_ID_WIDTH5', port 'breq_cpu_id_array_o[3]' is not connected to any nets. (LINT-28)
Warning: In design 'mesi_isc_breq_fifos_cntl_MBUS_CMD_WIDTH3_ADDR_WIDTH32_BROAD_TYPE_WIDTH2_BROAD_ID_WIDTH5', port 'breq_cpu_id_array_o[2]' is not connected to any nets. (LINT-28)
Warning: In design 'mesi_isc_breq_fifos_cntl_MBUS_CMD_WIDTH3_ADDR_WIDTH32_BROAD_TYPE_WIDTH2_BROAD_ID_WIDTH5', port 'breq_cpu_id_array_o[1]' is not connected to any nets. (LINT-28)
Warning: In design 'mesi_isc_breq_fifos_cntl_MBUS_CMD_WIDTH3_ADDR_WIDTH32_BROAD_TYPE_WIDTH2_BROAD_ID_WIDTH5', port 'breq_cpu_id_array_o[0]' is not connected to any nets. (LINT-28)
Warning: In design 'mesi_isc_breq_fifos_cntl_MBUS_CMD_WIDTH3_ADDR_WIDTH32_BROAD_TYPE_WIDTH2_BROAD_ID_WIDTH5', port 'breq_id_array_o[19]' is not connected to any nets. (LINT-28)
Warning: In design 'mesi_isc_breq_fifos_cntl_MBUS_CMD_WIDTH3_ADDR_WIDTH32_BROAD_TYPE_WIDTH2_BROAD_ID_WIDTH5', port 'breq_id_array_o[18]' is not connected to any nets. (LINT-28)
Warning: In design 'mesi_isc_breq_fifos_cntl_MBUS_CMD_WIDTH3_ADDR_WIDTH32_BROAD_TYPE_WIDTH2_BROAD_ID_WIDTH5', port 'breq_id_array_o[17]' is not connected to any nets. (LINT-28)
Warning: In design 'mesi_isc_breq_fifos_cntl_MBUS_CMD_WIDTH3_ADDR_WIDTH32_BROAD_TYPE_WIDTH2_BROAD_ID_WIDTH5', port 'breq_id_array_o[16]' is not connected to any nets. (LINT-28)
Warning: In design 'mesi_isc_breq_fifos_cntl_MBUS_CMD_WIDTH3_ADDR_WIDTH32_BROAD_TYPE_WIDTH2_BROAD_ID_WIDTH5', port 'breq_id_array_o[15]' is not connected to any nets. (LINT-28)
Warning: In design 'mesi_isc_breq_fifos_cntl_MBUS_CMD_WIDTH3_ADDR_WIDTH32_BROAD_TYPE_WIDTH2_BROAD_ID_WIDTH5', port 'breq_id_array_o[14]' is not connected to any nets. (LINT-28)
Warning: In design 'mesi_isc_breq_fifos_cntl_MBUS_CMD_WIDTH3_ADDR_WIDTH32_BROAD_TYPE_WIDTH2_BROAD_ID_WIDTH5', port 'breq_id_array_o[13]' is not connected to any nets. (LINT-28)
Warning: In design 'mesi_isc_breq_fifos_cntl_MBUS_CMD_WIDTH3_ADDR_WIDTH32_BROAD_TYPE_WIDTH2_BROAD_ID_WIDTH5', port 'breq_id_array_o[12]' is not connected to any nets. (LINT-28)
Warning: In design 'mesi_isc_breq_fifos_cntl_MBUS_CMD_WIDTH3_ADDR_WIDTH32_BROAD_TYPE_WIDTH2_BROAD_ID_WIDTH5', port 'breq_id_array_o[11]' is not connected to any nets. (LINT-28)
Warning: In design 'mesi_isc_breq_fifos_cntl_MBUS_CMD_WIDTH3_ADDR_WIDTH32_BROAD_TYPE_WIDTH2_BROAD_ID_WIDTH5', port 'breq_id_array_o[10]' is not connected to any nets. (LINT-28)
Warning: In design 'mesi_isc_breq_fifos_cntl_MBUS_CMD_WIDTH3_ADDR_WIDTH32_BROAD_TYPE_WIDTH2_BROAD_ID_WIDTH5', port 'breq_id_array_o[9]' is not connected to any nets. (LINT-28)
Warning: In design 'mesi_isc_breq_fifos_cntl_MBUS_CMD_WIDTH3_ADDR_WIDTH32_BROAD_TYPE_WIDTH2_BROAD_ID_WIDTH5', port 'breq_id_array_o[8]' is not connected to any nets. (LINT-28)
Warning: In design 'mesi_isc_breq_fifos_cntl_MBUS_CMD_WIDTH3_ADDR_WIDTH32_BROAD_TYPE_WIDTH2_BROAD_ID_WIDTH5', port 'breq_id_array_o[7]' is not connected to any nets. (LINT-28)
Warning: In design 'mesi_isc_breq_fifos_cntl_MBUS_CMD_WIDTH3_ADDR_WIDTH32_BROAD_TYPE_WIDTH2_BROAD_ID_WIDTH5', port 'breq_id_array_o[6]' is not connected to any nets. (LINT-28)
Warning: In design 'mesi_isc_breq_fifos_cntl_MBUS_CMD_WIDTH3_ADDR_WIDTH32_BROAD_TYPE_WIDTH2_BROAD_ID_WIDTH5', port 'breq_id_array_o[5]' is not connected to any nets. (LINT-28)
Warning: In design 'mesi_isc_breq_fifos_cntl_MBUS_CMD_WIDTH3_ADDR_WIDTH32_BROAD_TYPE_WIDTH2_BROAD_ID_WIDTH5', port 'breq_id_array_o[4]' is not connected to any nets. (LINT-28)
Warning: In design 'mesi_isc_breq_fifos_cntl_MBUS_CMD_WIDTH3_ADDR_WIDTH32_BROAD_TYPE_WIDTH2_BROAD_ID_WIDTH5', port 'breq_id_array_o[3]' is not connected to any nets. (LINT-28)
Warning: In design 'mesi_isc_breq_fifos_cntl_MBUS_CMD_WIDTH3_ADDR_WIDTH32_BROAD_TYPE_WIDTH2_BROAD_ID_WIDTH5', port 'breq_id_array_o[2]' is not connected to any nets. (LINT-28)
Warning: In design 'mesi_isc_breq_fifos_cntl_MBUS_CMD_WIDTH3_ADDR_WIDTH32_BROAD_TYPE_WIDTH2_BROAD_ID_WIDTH5', port 'breq_id_array_o[1]' is not connected to any nets. (LINT-28)
Warning: In design 'mesi_isc_breq_fifos_cntl_MBUS_CMD_WIDTH3_ADDR_WIDTH32_BROAD_TYPE_WIDTH2_BROAD_ID_WIDTH5', port 'breq_id_array_o[0]' is not connected to any nets. (LINT-28)
Warning: In design 'mesi_isc_basic_fifo_DATA_WIDTH41_FIFO_SIZE2_FIFO_SIZE_LOG21_3', port 'data_i[6]' is not connected to any nets. (LINT-28)
Warning: In design 'mesi_isc_basic_fifo_DATA_WIDTH41_FIFO_SIZE2_FIFO_SIZE_LOG21_3', port 'data_i[5]' is not connected to any nets. (LINT-28)
Warning: In design 'mesi_isc_basic_fifo_DATA_WIDTH41_FIFO_SIZE2_FIFO_SIZE_LOG21_3', port 'data_i[4]' is not connected to any nets. (LINT-28)
Warning: In design 'mesi_isc_basic_fifo_DATA_WIDTH41_FIFO_SIZE2_FIFO_SIZE_LOG21_3', port 'data_i[3]' is not connected to any nets. (LINT-28)
Warning: In design 'mesi_isc_basic_fifo_DATA_WIDTH41_FIFO_SIZE2_FIFO_SIZE_LOG21_3', port 'data_i[2]' is not connected to any nets. (LINT-28)
Warning: In design 'mesi_isc_basic_fifo_DATA_WIDTH41_FIFO_SIZE2_FIFO_SIZE_LOG21_3', port 'data_i[1]' is not connected to any nets. (LINT-28)
Warning: In design 'mesi_isc_basic_fifo_DATA_WIDTH41_FIFO_SIZE2_FIFO_SIZE_LOG21_3', port 'data_i[0]' is not connected to any nets. (LINT-28)
Warning: In design 'mesi_isc_basic_fifo_DATA_WIDTH41_FIFO_SIZE2_FIFO_SIZE_LOG21_3', port 'data_o[6]' is not connected to any nets. (LINT-28)
Warning: In design 'mesi_isc_basic_fifo_DATA_WIDTH41_FIFO_SIZE2_FIFO_SIZE_LOG21_3', port 'data_o[5]' is not connected to any nets. (LINT-28)
Warning: In design 'mesi_isc_basic_fifo_DATA_WIDTH41_FIFO_SIZE2_FIFO_SIZE_LOG21_3', port 'data_o[4]' is not connected to any nets. (LINT-28)
Warning: In design 'mesi_isc_basic_fifo_DATA_WIDTH41_FIFO_SIZE2_FIFO_SIZE_LOG21_3', port 'data_o[3]' is not connected to any nets. (LINT-28)
Warning: In design 'mesi_isc_basic_fifo_DATA_WIDTH41_FIFO_SIZE2_FIFO_SIZE_LOG21_3', port 'data_o[2]' is not connected to any nets. (LINT-28)
Warning: In design 'mesi_isc_basic_fifo_DATA_WIDTH41_FIFO_SIZE2_FIFO_SIZE_LOG21_3', port 'data_o[1]' is not connected to any nets. (LINT-28)
Warning: In design 'mesi_isc_basic_fifo_DATA_WIDTH41_FIFO_SIZE2_FIFO_SIZE_LOG21_3', port 'data_o[0]' is not connected to any nets. (LINT-28)
Warning: In design 'mesi_isc_basic_fifo_DATA_WIDTH41_FIFO_SIZE2_FIFO_SIZE_LOG21_2', port 'data_i[6]' is not connected to any nets. (LINT-28)
Warning: In design 'mesi_isc_basic_fifo_DATA_WIDTH41_FIFO_SIZE2_FIFO_SIZE_LOG21_2', port 'data_i[5]' is not connected to any nets. (LINT-28)
Warning: In design 'mesi_isc_basic_fifo_DATA_WIDTH41_FIFO_SIZE2_FIFO_SIZE_LOG21_2', port 'data_i[4]' is not connected to any nets. (LINT-28)
Warning: In design 'mesi_isc_basic_fifo_DATA_WIDTH41_FIFO_SIZE2_FIFO_SIZE_LOG21_2', port 'data_i[3]' is not connected to any nets. (LINT-28)
Warning: In design 'mesi_isc_basic_fifo_DATA_WIDTH41_FIFO_SIZE2_FIFO_SIZE_LOG21_2', port 'data_i[2]' is not connected to any nets. (LINT-28)
Warning: In design 'mesi_isc_basic_fifo_DATA_WIDTH41_FIFO_SIZE2_FIFO_SIZE_LOG21_2', port 'data_i[1]' is not connected to any nets. (LINT-28)
Warning: In design 'mesi_isc_basic_fifo_DATA_WIDTH41_FIFO_SIZE2_FIFO_SIZE_LOG21_2', port 'data_i[0]' is not connected to any nets. (LINT-28)
Warning: In design 'mesi_isc_basic_fifo_DATA_WIDTH41_FIFO_SIZE2_FIFO_SIZE_LOG21_2', port 'data_o[6]' is not connected to any nets. (LINT-28)
Warning: In design 'mesi_isc_basic_fifo_DATA_WIDTH41_FIFO_SIZE2_FIFO_SIZE_LOG21_2', port 'data_o[5]' is not connected to any nets. (LINT-28)
Warning: In design 'mesi_isc_basic_fifo_DATA_WIDTH41_FIFO_SIZE2_FIFO_SIZE_LOG21_2', port 'data_o[4]' is not connected to any nets. (LINT-28)
Warning: In design 'mesi_isc_basic_fifo_DATA_WIDTH41_FIFO_SIZE2_FIFO_SIZE_LOG21_2', port 'data_o[3]' is not connected to any nets. (LINT-28)
Warning: In design 'mesi_isc_basic_fifo_DATA_WIDTH41_FIFO_SIZE2_FIFO_SIZE_LOG21_2', port 'data_o[2]' is not connected to any nets. (LINT-28)
Warning: In design 'mesi_isc_basic_fifo_DATA_WIDTH41_FIFO_SIZE2_FIFO_SIZE_LOG21_2', port 'data_o[1]' is not connected to any nets. (LINT-28)
Warning: In design 'mesi_isc_basic_fifo_DATA_WIDTH41_FIFO_SIZE2_FIFO_SIZE_LOG21_2', port 'data_o[0]' is not connected to any nets. (LINT-28)
Warning: In design 'mesi_isc_basic_fifo_DATA_WIDTH41_FIFO_SIZE2_FIFO_SIZE_LOG21_1', port 'data_i[6]' is not connected to any nets. (LINT-28)
Warning: In design 'mesi_isc_basic_fifo_DATA_WIDTH41_FIFO_SIZE2_FIFO_SIZE_LOG21_1', port 'data_i[5]' is not connected to any nets. (LINT-28)
Warning: In design 'mesi_isc_basic_fifo_DATA_WIDTH41_FIFO_SIZE2_FIFO_SIZE_LOG21_1', port 'data_i[4]' is not connected to any nets. (LINT-28)
Warning: In design 'mesi_isc_basic_fifo_DATA_WIDTH41_FIFO_SIZE2_FIFO_SIZE_LOG21_1', port 'data_i[3]' is not connected to any nets. (LINT-28)
Warning: In design 'mesi_isc_basic_fifo_DATA_WIDTH41_FIFO_SIZE2_FIFO_SIZE_LOG21_1', port 'data_i[2]' is not connected to any nets. (LINT-28)
Warning: In design 'mesi_isc_basic_fifo_DATA_WIDTH41_FIFO_SIZE2_FIFO_SIZE_LOG21_1', port 'data_i[1]' is not connected to any nets. (LINT-28)
Warning: In design 'mesi_isc_basic_fifo_DATA_WIDTH41_FIFO_SIZE2_FIFO_SIZE_LOG21_1', port 'data_i[0]' is not connected to any nets. (LINT-28)
Warning: In design 'mesi_isc_basic_fifo_DATA_WIDTH41_FIFO_SIZE2_FIFO_SIZE_LOG21_1', port 'data_o[6]' is not connected to any nets. (LINT-28)
Warning: In design 'mesi_isc_basic_fifo_DATA_WIDTH41_FIFO_SIZE2_FIFO_SIZE_LOG21_1', port 'data_o[5]' is not connected to any nets. (LINT-28)
Warning: In design 'mesi_isc_basic_fifo_DATA_WIDTH41_FIFO_SIZE2_FIFO_SIZE_LOG21_1', port 'data_o[4]' is not connected to any nets. (LINT-28)
Warning: In design 'mesi_isc_basic_fifo_DATA_WIDTH41_FIFO_SIZE2_FIFO_SIZE_LOG21_1', port 'data_o[3]' is not connected to any nets. (LINT-28)
Warning: In design 'mesi_isc_basic_fifo_DATA_WIDTH41_FIFO_SIZE2_FIFO_SIZE_LOG21_1', port 'data_o[2]' is not connected to any nets. (LINT-28)
Warning: In design 'mesi_isc_basic_fifo_DATA_WIDTH41_FIFO_SIZE2_FIFO_SIZE_LOG21_1', port 'data_o[1]' is not connected to any nets. (LINT-28)
Warning: In design 'mesi_isc_basic_fifo_DATA_WIDTH41_FIFO_SIZE2_FIFO_SIZE_LOG21_1', port 'data_o[0]' is not connected to any nets. (LINT-28)
Warning: In design 'mesi_isc_basic_fifo_DATA_WIDTH41_FIFO_SIZE2_FIFO_SIZE_LOG21_0', port 'data_i[6]' is not connected to any nets. (LINT-28)
Warning: In design 'mesi_isc_basic_fifo_DATA_WIDTH41_FIFO_SIZE2_FIFO_SIZE_LOG21_0', port 'data_i[5]' is not connected to any nets. (LINT-28)
Warning: In design 'mesi_isc_basic_fifo_DATA_WIDTH41_FIFO_SIZE2_FIFO_SIZE_LOG21_0', port 'data_i[4]' is not connected to any nets. (LINT-28)
Warning: In design 'mesi_isc_basic_fifo_DATA_WIDTH41_FIFO_SIZE2_FIFO_SIZE_LOG21_0', port 'data_i[3]' is not connected to any nets. (LINT-28)
Warning: In design 'mesi_isc_basic_fifo_DATA_WIDTH41_FIFO_SIZE2_FIFO_SIZE_LOG21_0', port 'data_i[2]' is not connected to any nets. (LINT-28)
Warning: In design 'mesi_isc_basic_fifo_DATA_WIDTH41_FIFO_SIZE2_FIFO_SIZE_LOG21_0', port 'data_i[1]' is not connected to any nets. (LINT-28)
Warning: In design 'mesi_isc_basic_fifo_DATA_WIDTH41_FIFO_SIZE2_FIFO_SIZE_LOG21_0', port 'data_i[0]' is not connected to any nets. (LINT-28)
Warning: In design 'mesi_isc_basic_fifo_DATA_WIDTH41_FIFO_SIZE2_FIFO_SIZE_LOG21_0', port 'data_o[6]' is not connected to any nets. (LINT-28)
Warning: In design 'mesi_isc_basic_fifo_DATA_WIDTH41_FIFO_SIZE2_FIFO_SIZE_LOG21_0', port 'data_o[5]' is not connected to any nets. (LINT-28)
Warning: In design 'mesi_isc_basic_fifo_DATA_WIDTH41_FIFO_SIZE2_FIFO_SIZE_LOG21_0', port 'data_o[4]' is not connected to any nets. (LINT-28)
Warning: In design 'mesi_isc_basic_fifo_DATA_WIDTH41_FIFO_SIZE2_FIFO_SIZE_LOG21_0', port 'data_o[3]' is not connected to any nets. (LINT-28)
Warning: In design 'mesi_isc_basic_fifo_DATA_WIDTH41_FIFO_SIZE2_FIFO_SIZE_LOG21_0', port 'data_o[2]' is not connected to any nets. (LINT-28)
Warning: In design 'mesi_isc_basic_fifo_DATA_WIDTH41_FIFO_SIZE2_FIFO_SIZE_LOG21_0', port 'data_o[1]' is not connected to any nets. (LINT-28)
Warning: In design 'mesi_isc_basic_fifo_DATA_WIDTH41_FIFO_SIZE2_FIFO_SIZE_LOG21_0', port 'data_o[0]' is not connected to any nets. (LINT-28)
Warning: In design 'mesi_isc_breq_fifos_cntl_MBUS_CMD_WIDTH3_ADDR_WIDTH32_BROAD_TYPE_WIDTH2_BROAD_ID_WIDTH5', output port 'mbus_ack_array_o_3__BAR' is connected directly to output port 'fifo_wr_array_o_3__BAR'. (LINT-31)
Warning: In design 'mesi_isc_breq_fifos_cntl_MBUS_CMD_WIDTH3_ADDR_WIDTH32_BROAD_TYPE_WIDTH2_BROAD_ID_WIDTH5', output port 'mbus_ack_array_o_2__BAR' is connected directly to output port 'fifo_wr_array_o_2__BAR'. (LINT-31)
Warning: In design 'mesi_isc_breq_fifos_cntl_MBUS_CMD_WIDTH3_ADDR_WIDTH32_BROAD_TYPE_WIDTH2_BROAD_ID_WIDTH5', output port 'mbus_ack_array_o_1__BAR' is connected directly to output port 'fifo_wr_array_o_1__BAR'. (LINT-31)
Warning: In design 'mesi_isc_breq_fifos_cntl_MBUS_CMD_WIDTH3_ADDR_WIDTH32_BROAD_TYPE_WIDTH2_BROAD_ID_WIDTH5', output port 'mbus_ack_array_o_0__BAR' is connected directly to output port 'fifo_wr_array_o_0__BAR'. (LINT-31)
Warning: In design 'mesi_isc', a pin on submodule 'mesi_isc_broad' is connected to logic 1 or logic 0. (LINT-32)
   Pin 'broad_id_i[4]' is connected to logic 0. 
Warning: In design 'mesi_isc', a pin on submodule 'mesi_isc_broad' is connected to logic 1 or logic 0. (LINT-32)
   Pin 'broad_id_i[3]' is connected to logic 0. 
Warning: In design 'mesi_isc', a pin on submodule 'mesi_isc_broad' is connected to logic 1 or logic 0. (LINT-32)
   Pin 'broad_id_i[2]' is connected to logic 0. 
Warning: In design 'mesi_isc', a pin on submodule 'mesi_isc_broad' is connected to logic 1 or logic 0. (LINT-32)
   Pin 'broad_id_i[1]' is connected to logic 0. 
Warning: In design 'mesi_isc', a pin on submodule 'mesi_isc_broad' is connected to logic 1 or logic 0. (LINT-32)
   Pin 'broad_id_i[0]' is connected to logic 0. 
Warning: In design 'mesi_isc_broad_CBUS_CMD_WIDTH3_ADDR_WIDTH32_BROAD_TYPE_WIDTH2_BROAD_ID_WIDTH5_BROAD_REQ_FIFO_SIZE4_BROAD_REQ_FIFO_SIZE_LOG22', a pin on submodule 'mesi_isc_broad_cntl' is connected to logic 1 or logic 0. (LINT-32)
   Pin 'fifo_status_full_i' is connected to logic 0. 
Warning: In design 'mesi_isc_broad_CBUS_CMD_WIDTH3_ADDR_WIDTH32_BROAD_TYPE_WIDTH2_BROAD_ID_WIDTH5_BROAD_REQ_FIFO_SIZE4_BROAD_REQ_FIFO_SIZE_LOG22', a pin on submodule 'mesi_isc_broad_cntl' is connected to logic 1 or logic 0. (LINT-32)
   Pin 'broad_snoop_id_i[4]' is connected to logic 0. 
Warning: In design 'mesi_isc_broad_CBUS_CMD_WIDTH3_ADDR_WIDTH32_BROAD_TYPE_WIDTH2_BROAD_ID_WIDTH5_BROAD_REQ_FIFO_SIZE4_BROAD_REQ_FIFO_SIZE_LOG22', a pin on submodule 'mesi_isc_broad_cntl' is connected to logic 1 or logic 0. (LINT-32)
   Pin 'broad_snoop_id_i[3]' is connected to logic 0. 
Warning: In design 'mesi_isc_broad_CBUS_CMD_WIDTH3_ADDR_WIDTH32_BROAD_TYPE_WIDTH2_BROAD_ID_WIDTH5_BROAD_REQ_FIFO_SIZE4_BROAD_REQ_FIFO_SIZE_LOG22', a pin on submodule 'mesi_isc_broad_cntl' is connected to logic 1 or logic 0. (LINT-32)
   Pin 'broad_snoop_id_i[2]' is connected to logic 0. 
Warning: In design 'mesi_isc_broad_CBUS_CMD_WIDTH3_ADDR_WIDTH32_BROAD_TYPE_WIDTH2_BROAD_ID_WIDTH5_BROAD_REQ_FIFO_SIZE4_BROAD_REQ_FIFO_SIZE_LOG22', a pin on submodule 'mesi_isc_broad_cntl' is connected to logic 1 or logic 0. (LINT-32)
   Pin 'broad_snoop_id_i[1]' is connected to logic 0. 
Warning: In design 'mesi_isc_broad_CBUS_CMD_WIDTH3_ADDR_WIDTH32_BROAD_TYPE_WIDTH2_BROAD_ID_WIDTH5_BROAD_REQ_FIFO_SIZE4_BROAD_REQ_FIFO_SIZE_LOG22', a pin on submodule 'mesi_isc_broad_cntl' is connected to logic 1 or logic 0. (LINT-32)
   Pin 'broad_snoop_id_i[0]' is connected to logic 0. 
Warning: In design 'mesi_isc_broad_CBUS_CMD_WIDTH3_ADDR_WIDTH32_BROAD_TYPE_WIDTH2_BROAD_ID_WIDTH5_BROAD_REQ_FIFO_SIZE4_BROAD_REQ_FIFO_SIZE_LOG22', a pin on submodule 'broad_fifo' is connected to logic 1 or logic 0. (LINT-32)
   Pin 'data_i[4]' is connected to logic 0. 
Warning: In design 'mesi_isc_broad_CBUS_CMD_WIDTH3_ADDR_WIDTH32_BROAD_TYPE_WIDTH2_BROAD_ID_WIDTH5_BROAD_REQ_FIFO_SIZE4_BROAD_REQ_FIFO_SIZE_LOG22', a pin on submodule 'broad_fifo' is connected to logic 1 or logic 0. (LINT-32)
   Pin 'data_i[3]' is connected to logic 0. 
Warning: In design 'mesi_isc_broad_CBUS_CMD_WIDTH3_ADDR_WIDTH32_BROAD_TYPE_WIDTH2_BROAD_ID_WIDTH5_BROAD_REQ_FIFO_SIZE4_BROAD_REQ_FIFO_SIZE_LOG22', a pin on submodule 'broad_fifo' is connected to logic 1 or logic 0. (LINT-32)
   Pin 'data_i[2]' is connected to logic 0. 
Warning: In design 'mesi_isc_broad_CBUS_CMD_WIDTH3_ADDR_WIDTH32_BROAD_TYPE_WIDTH2_BROAD_ID_WIDTH5_BROAD_REQ_FIFO_SIZE4_BROAD_REQ_FIFO_SIZE_LOG22', a pin on submodule 'broad_fifo' is connected to logic 1 or logic 0. (LINT-32)
   Pin 'data_i[1]' is connected to logic 0. 
Warning: In design 'mesi_isc_broad_CBUS_CMD_WIDTH3_ADDR_WIDTH32_BROAD_TYPE_WIDTH2_BROAD_ID_WIDTH5_BROAD_REQ_FIFO_SIZE4_BROAD_REQ_FIFO_SIZE_LOG22', a pin on submodule 'broad_fifo' is connected to logic 1 or logic 0. (LINT-32)
   Pin 'data_i[0]' is connected to logic 0. 
Warning: In design 'mesi_isc_breq_fifos_MBUS_CMD_WIDTH3_ADDR_WIDTH32_BROAD_TYPE_WIDTH2_BROAD_ID_WIDTH5_BREQ_FIFO_SIZE2_BREQ_FIFO_SIZE_LOG21', a pin on submodule 'fifo_3' is connected to logic 1 or logic 0. (LINT-32)
   Pin 'data_i[6]' is connected to logic 1. 
Warning: In design 'mesi_isc_breq_fifos_MBUS_CMD_WIDTH3_ADDR_WIDTH32_BROAD_TYPE_WIDTH2_BROAD_ID_WIDTH5_BREQ_FIFO_SIZE2_BREQ_FIFO_SIZE_LOG21', a pin on submodule 'fifo_3' is connected to logic 1 or logic 0. (LINT-32)
   Pin 'data_i[5]' is connected to logic 1. 
Warning: In design 'mesi_isc_breq_fifos_MBUS_CMD_WIDTH3_ADDR_WIDTH32_BROAD_TYPE_WIDTH2_BROAD_ID_WIDTH5_BREQ_FIFO_SIZE2_BREQ_FIFO_SIZE_LOG21', a pin on submodule 'fifo_3' is connected to logic 1 or logic 0. (LINT-32)
   Pin 'data_i[4]' is connected to logic 0. 
Warning: In design 'mesi_isc_breq_fifos_MBUS_CMD_WIDTH3_ADDR_WIDTH32_BROAD_TYPE_WIDTH2_BROAD_ID_WIDTH5_BREQ_FIFO_SIZE2_BREQ_FIFO_SIZE_LOG21', a pin on submodule 'fifo_3' is connected to logic 1 or logic 0. (LINT-32)
   Pin 'data_i[3]' is connected to logic 0. 
Warning: In design 'mesi_isc_breq_fifos_MBUS_CMD_WIDTH3_ADDR_WIDTH32_BROAD_TYPE_WIDTH2_BROAD_ID_WIDTH5_BREQ_FIFO_SIZE2_BREQ_FIFO_SIZE_LOG21', a pin on submodule 'fifo_3' is connected to logic 1 or logic 0. (LINT-32)
   Pin 'data_i[2]' is connected to logic 0. 
Warning: In design 'mesi_isc_breq_fifos_MBUS_CMD_WIDTH3_ADDR_WIDTH32_BROAD_TYPE_WIDTH2_BROAD_ID_WIDTH5_BREQ_FIFO_SIZE2_BREQ_FIFO_SIZE_LOG21', a pin on submodule 'fifo_3' is connected to logic 1 or logic 0. (LINT-32)
   Pin 'data_i[1]' is connected to logic 0. 
Warning: In design 'mesi_isc_breq_fifos_MBUS_CMD_WIDTH3_ADDR_WIDTH32_BROAD_TYPE_WIDTH2_BROAD_ID_WIDTH5_BREQ_FIFO_SIZE2_BREQ_FIFO_SIZE_LOG21', a pin on submodule 'fifo_3' is connected to logic 1 or logic 0. (LINT-32)
   Pin 'data_i[0]' is connected to logic 0. 
Warning: In design 'mesi_isc_breq_fifos_MBUS_CMD_WIDTH3_ADDR_WIDTH32_BROAD_TYPE_WIDTH2_BROAD_ID_WIDTH5_BREQ_FIFO_SIZE2_BREQ_FIFO_SIZE_LOG21', a pin on submodule 'fifo_2' is connected to logic 1 or logic 0. (LINT-32)
   Pin 'data_i[6]' is connected to logic 1. 
Warning: In design 'mesi_isc_breq_fifos_MBUS_CMD_WIDTH3_ADDR_WIDTH32_BROAD_TYPE_WIDTH2_BROAD_ID_WIDTH5_BREQ_FIFO_SIZE2_BREQ_FIFO_SIZE_LOG21', a pin on submodule 'fifo_2' is connected to logic 1 or logic 0. (LINT-32)
   Pin 'data_i[5]' is connected to logic 0. 
Warning: In design 'mesi_isc_breq_fifos_MBUS_CMD_WIDTH3_ADDR_WIDTH32_BROAD_TYPE_WIDTH2_BROAD_ID_WIDTH5_BREQ_FIFO_SIZE2_BREQ_FIFO_SIZE_LOG21', a pin on submodule 'fifo_2' is connected to logic 1 or logic 0. (LINT-32)
   Pin 'data_i[4]' is connected to logic 0. 
Warning: In design 'mesi_isc_breq_fifos_MBUS_CMD_WIDTH3_ADDR_WIDTH32_BROAD_TYPE_WIDTH2_BROAD_ID_WIDTH5_BREQ_FIFO_SIZE2_BREQ_FIFO_SIZE_LOG21', a pin on submodule 'fifo_2' is connected to logic 1 or logic 0. (LINT-32)
   Pin 'data_i[3]' is connected to logic 0. 
Warning: In design 'mesi_isc_breq_fifos_MBUS_CMD_WIDTH3_ADDR_WIDTH32_BROAD_TYPE_WIDTH2_BROAD_ID_WIDTH5_BREQ_FIFO_SIZE2_BREQ_FIFO_SIZE_LOG21', a pin on submodule 'fifo_2' is connected to logic 1 or logic 0. (LINT-32)
   Pin 'data_i[2]' is connected to logic 0. 
Warning: In design 'mesi_isc_breq_fifos_MBUS_CMD_WIDTH3_ADDR_WIDTH32_BROAD_TYPE_WIDTH2_BROAD_ID_WIDTH5_BREQ_FIFO_SIZE2_BREQ_FIFO_SIZE_LOG21', a pin on submodule 'fifo_2' is connected to logic 1 or logic 0. (LINT-32)
   Pin 'data_i[1]' is connected to logic 0. 
Warning: In design 'mesi_isc_breq_fifos_MBUS_CMD_WIDTH3_ADDR_WIDTH32_BROAD_TYPE_WIDTH2_BROAD_ID_WIDTH5_BREQ_FIFO_SIZE2_BREQ_FIFO_SIZE_LOG21', a pin on submodule 'fifo_2' is connected to logic 1 or logic 0. (LINT-32)
   Pin 'data_i[0]' is connected to logic 1. 
Warning: In design 'mesi_isc_breq_fifos_MBUS_CMD_WIDTH3_ADDR_WIDTH32_BROAD_TYPE_WIDTH2_BROAD_ID_WIDTH5_BREQ_FIFO_SIZE2_BREQ_FIFO_SIZE_LOG21', a pin on submodule 'fifo_1' is connected to logic 1 or logic 0. (LINT-32)
   Pin 'data_i[6]' is connected to logic 0. 
Warning: In design 'mesi_isc_breq_fifos_MBUS_CMD_WIDTH3_ADDR_WIDTH32_BROAD_TYPE_WIDTH2_BROAD_ID_WIDTH5_BREQ_FIFO_SIZE2_BREQ_FIFO_SIZE_LOG21', a pin on submodule 'fifo_1' is connected to logic 1 or logic 0. (LINT-32)
   Pin 'data_i[5]' is connected to logic 1. 
Warning: In design 'mesi_isc_breq_fifos_MBUS_CMD_WIDTH3_ADDR_WIDTH32_BROAD_TYPE_WIDTH2_BROAD_ID_WIDTH5_BREQ_FIFO_SIZE2_BREQ_FIFO_SIZE_LOG21', a pin on submodule 'fifo_1' is connected to logic 1 or logic 0. (LINT-32)
   Pin 'data_i[4]' is connected to logic 0. 
Warning: In design 'mesi_isc_breq_fifos_MBUS_CMD_WIDTH3_ADDR_WIDTH32_BROAD_TYPE_WIDTH2_BROAD_ID_WIDTH5_BREQ_FIFO_SIZE2_BREQ_FIFO_SIZE_LOG21', a pin on submodule 'fifo_1' is connected to logic 1 or logic 0. (LINT-32)
   Pin 'data_i[3]' is connected to logic 0. 
Warning: In design 'mesi_isc_breq_fifos_MBUS_CMD_WIDTH3_ADDR_WIDTH32_BROAD_TYPE_WIDTH2_BROAD_ID_WIDTH5_BREQ_FIFO_SIZE2_BREQ_FIFO_SIZE_LOG21', a pin on submodule 'fifo_1' is connected to logic 1 or logic 0. (LINT-32)
   Pin 'data_i[2]' is connected to logic 0. 
Warning: In design 'mesi_isc_breq_fifos_MBUS_CMD_WIDTH3_ADDR_WIDTH32_BROAD_TYPE_WIDTH2_BROAD_ID_WIDTH5_BREQ_FIFO_SIZE2_BREQ_FIFO_SIZE_LOG21', a pin on submodule 'fifo_1' is connected to logic 1 or logic 0. (LINT-32)
   Pin 'data_i[1]' is connected to logic 1. 
Warning: In design 'mesi_isc_breq_fifos_MBUS_CMD_WIDTH3_ADDR_WIDTH32_BROAD_TYPE_WIDTH2_BROAD_ID_WIDTH5_BREQ_FIFO_SIZE2_BREQ_FIFO_SIZE_LOG21', a pin on submodule 'fifo_1' is connected to logic 1 or logic 0. (LINT-32)
   Pin 'data_i[0]' is connected to logic 0. 
Warning: In design 'mesi_isc_breq_fifos_MBUS_CMD_WIDTH3_ADDR_WIDTH32_BROAD_TYPE_WIDTH2_BROAD_ID_WIDTH5_BREQ_FIFO_SIZE2_BREQ_FIFO_SIZE_LOG21', a pin on submodule 'fifo_0' is connected to logic 1 or logic 0. (LINT-32)
   Pin 'data_i[6]' is connected to logic 0. 
Warning: In design 'mesi_isc_breq_fifos_MBUS_CMD_WIDTH3_ADDR_WIDTH32_BROAD_TYPE_WIDTH2_BROAD_ID_WIDTH5_BREQ_FIFO_SIZE2_BREQ_FIFO_SIZE_LOG21', a pin on submodule 'fifo_0' is connected to logic 1 or logic 0. (LINT-32)
   Pin 'data_i[5]' is connected to logic 0. 
Warning: In design 'mesi_isc_breq_fifos_MBUS_CMD_WIDTH3_ADDR_WIDTH32_BROAD_TYPE_WIDTH2_BROAD_ID_WIDTH5_BREQ_FIFO_SIZE2_BREQ_FIFO_SIZE_LOG21', a pin on submodule 'fifo_0' is connected to logic 1 or logic 0. (LINT-32)
   Pin 'data_i[4]' is connected to logic 0. 
Warning: In design 'mesi_isc_breq_fifos_MBUS_CMD_WIDTH3_ADDR_WIDTH32_BROAD_TYPE_WIDTH2_BROAD_ID_WIDTH5_BREQ_FIFO_SIZE2_BREQ_FIFO_SIZE_LOG21', a pin on submodule 'fifo_0' is connected to logic 1 or logic 0. (LINT-32)
   Pin 'data_i[3]' is connected to logic 0. 
Warning: In design 'mesi_isc_breq_fifos_MBUS_CMD_WIDTH3_ADDR_WIDTH32_BROAD_TYPE_WIDTH2_BROAD_ID_WIDTH5_BREQ_FIFO_SIZE2_BREQ_FIFO_SIZE_LOG21', a pin on submodule 'fifo_0' is connected to logic 1 or logic 0. (LINT-32)
   Pin 'data_i[2]' is connected to logic 0. 
Warning: In design 'mesi_isc_breq_fifos_MBUS_CMD_WIDTH3_ADDR_WIDTH32_BROAD_TYPE_WIDTH2_BROAD_ID_WIDTH5_BREQ_FIFO_SIZE2_BREQ_FIFO_SIZE_LOG21', a pin on submodule 'fifo_0' is connected to logic 1 or logic 0. (LINT-32)
   Pin 'data_i[1]' is connected to logic 1. 
Warning: In design 'mesi_isc_breq_fifos_MBUS_CMD_WIDTH3_ADDR_WIDTH32_BROAD_TYPE_WIDTH2_BROAD_ID_WIDTH5_BREQ_FIFO_SIZE2_BREQ_FIFO_SIZE_LOG21', a pin on submodule 'fifo_0' is connected to logic 1 or logic 0. (LINT-32)
   Pin 'data_i[0]' is connected to logic 1. 
Warning: In design 'mesi_isc_breq_fifos_MBUS_CMD_WIDTH3_ADDR_WIDTH32_BROAD_TYPE_WIDTH2_BROAD_ID_WIDTH5_BREQ_FIFO_SIZE2_BREQ_FIFO_SIZE_LOG21', the same net is connected to more than one pin on submodule 'fifo_3'. (LINT-33)
   Net 'breq_cpu_id_array[7]' is connected to pins 'data_i[6]', 'data_i[5]''.
Warning: In design 'mesi_isc_breq_fifos_MBUS_CMD_WIDTH3_ADDR_WIDTH32_BROAD_TYPE_WIDTH2_BROAD_ID_WIDTH5_BREQ_FIFO_SIZE2_BREQ_FIFO_SIZE_LOG21', the same net is connected to more than one pin on submodule 'fifo_2'. (LINT-33)
   Net 'breq_cpu_id_array[7]' is connected to pins 'data_i[6]', 'data_i[0]''.
Warning: In design 'mesi_isc_breq_fifos_MBUS_CMD_WIDTH3_ADDR_WIDTH32_BROAD_TYPE_WIDTH2_BROAD_ID_WIDTH5_BREQ_FIFO_SIZE2_BREQ_FIFO_SIZE_LOG21', the same net is connected to more than one pin on submodule 'fifo_1'. (LINT-33)
   Net 'breq_cpu_id_array[7]' is connected to pins 'data_i[5]', 'data_i[1]''.
Warning: In design 'mesi_isc_breq_fifos_MBUS_CMD_WIDTH3_ADDR_WIDTH32_BROAD_TYPE_WIDTH2_BROAD_ID_WIDTH5_BREQ_FIFO_SIZE2_BREQ_FIFO_SIZE_LOG21', the same net is connected to more than one pin on submodule 'fifo_0'. (LINT-33)
   Net 'breq_cpu_id_array[7]' is connected to pins 'data_i[1]', 'data_i[0]''.
Warning: In design 'mesi_isc_breq_fifos_MBUS_CMD_WIDTH3_ADDR_WIDTH32_BROAD_TYPE_WIDTH2_BROAD_ID_WIDTH5_BREQ_FIFO_SIZE2_BREQ_FIFO_SIZE_LOG21', input pin 'broad_id_array_i[19]' of hierarchical cell 'mesi_isc_breq_fifos_cntl' has no internal loads and is not connected to any nets. (LINT-60)
Warning: In design 'mesi_isc_breq_fifos_MBUS_CMD_WIDTH3_ADDR_WIDTH32_BROAD_TYPE_WIDTH2_BROAD_ID_WIDTH5_BREQ_FIFO_SIZE2_BREQ_FIFO_SIZE_LOG21', input pin 'broad_id_array_i[18]' of hierarchical cell 'mesi_isc_breq_fifos_cntl' has no internal loads and is not connected to any nets. (LINT-60)
Warning: In design 'mesi_isc_breq_fifos_MBUS_CMD_WIDTH3_ADDR_WIDTH32_BROAD_TYPE_WIDTH2_BROAD_ID_WIDTH5_BREQ_FIFO_SIZE2_BREQ_FIFO_SIZE_LOG21', input pin 'broad_id_array_i[17]' of hierarchical cell 'mesi_isc_breq_fifos_cntl' has no internal loads and is not connected to any nets. (LINT-60)
Warning: In design 'mesi_isc_breq_fifos_MBUS_CMD_WIDTH3_ADDR_WIDTH32_BROAD_TYPE_WIDTH2_BROAD_ID_WIDTH5_BREQ_FIFO_SIZE2_BREQ_FIFO_SIZE_LOG21', input pin 'broad_id_array_i[16]' of hierarchical cell 'mesi_isc_breq_fifos_cntl' has no internal loads and is not connected to any nets. (LINT-60)
Warning: In design 'mesi_isc_breq_fifos_MBUS_CMD_WIDTH3_ADDR_WIDTH32_BROAD_TYPE_WIDTH2_BROAD_ID_WIDTH5_BREQ_FIFO_SIZE2_BREQ_FIFO_SIZE_LOG21', input pin 'broad_id_array_i[15]' of hierarchical cell 'mesi_isc_breq_fifos_cntl' has no internal loads and is not connected to any nets. (LINT-60)
Warning: In design 'mesi_isc_breq_fifos_MBUS_CMD_WIDTH3_ADDR_WIDTH32_BROAD_TYPE_WIDTH2_BROAD_ID_WIDTH5_BREQ_FIFO_SIZE2_BREQ_FIFO_SIZE_LOG21', input pin 'broad_id_array_i[14]' of hierarchical cell 'mesi_isc_breq_fifos_cntl' has no internal loads and is not connected to any nets. (LINT-60)
Warning: In design 'mesi_isc_breq_fifos_MBUS_CMD_WIDTH3_ADDR_WIDTH32_BROAD_TYPE_WIDTH2_BROAD_ID_WIDTH5_BREQ_FIFO_SIZE2_BREQ_FIFO_SIZE_LOG21', input pin 'broad_id_array_i[13]' of hierarchical cell 'mesi_isc_breq_fifos_cntl' has no internal loads and is not connected to any nets. (LINT-60)
Warning: In design 'mesi_isc_breq_fifos_MBUS_CMD_WIDTH3_ADDR_WIDTH32_BROAD_TYPE_WIDTH2_BROAD_ID_WIDTH5_BREQ_FIFO_SIZE2_BREQ_FIFO_SIZE_LOG21', input pin 'broad_id_array_i[12]' of hierarchical cell 'mesi_isc_breq_fifos_cntl' has no internal loads and is not connected to any nets. (LINT-60)
Warning: In design 'mesi_isc_breq_fifos_MBUS_CMD_WIDTH3_ADDR_WIDTH32_BROAD_TYPE_WIDTH2_BROAD_ID_WIDTH5_BREQ_FIFO_SIZE2_BREQ_FIFO_SIZE_LOG21', input pin 'broad_id_array_i[11]' of hierarchical cell 'mesi_isc_breq_fifos_cntl' has no internal loads and is not connected to any nets. (LINT-60)
Warning: In design 'mesi_isc_breq_fifos_MBUS_CMD_WIDTH3_ADDR_WIDTH32_BROAD_TYPE_WIDTH2_BROAD_ID_WIDTH5_BREQ_FIFO_SIZE2_BREQ_FIFO_SIZE_LOG21', input pin 'broad_id_array_i[10]' of hierarchical cell 'mesi_isc_breq_fifos_cntl' has no internal loads and is not connected to any nets. (LINT-60)
Warning: In design 'mesi_isc_breq_fifos_MBUS_CMD_WIDTH3_ADDR_WIDTH32_BROAD_TYPE_WIDTH2_BROAD_ID_WIDTH5_BREQ_FIFO_SIZE2_BREQ_FIFO_SIZE_LOG21', input pin 'broad_id_array_i[9]' of hierarchical cell 'mesi_isc_breq_fifos_cntl' has no internal loads and is not connected to any nets. (LINT-60)
Warning: In design 'mesi_isc_breq_fifos_MBUS_CMD_WIDTH3_ADDR_WIDTH32_BROAD_TYPE_WIDTH2_BROAD_ID_WIDTH5_BREQ_FIFO_SIZE2_BREQ_FIFO_SIZE_LOG21', input pin 'broad_id_array_i[8]' of hierarchical cell 'mesi_isc_breq_fifos_cntl' has no internal loads and is not connected to any nets. (LINT-60)
Warning: In design 'mesi_isc_breq_fifos_MBUS_CMD_WIDTH3_ADDR_WIDTH32_BROAD_TYPE_WIDTH2_BROAD_ID_WIDTH5_BREQ_FIFO_SIZE2_BREQ_FIFO_SIZE_LOG21', input pin 'broad_id_array_i[7]' of hierarchical cell 'mesi_isc_breq_fifos_cntl' has no internal loads and is not connected to any nets. (LINT-60)
Warning: In design 'mesi_isc_breq_fifos_MBUS_CMD_WIDTH3_ADDR_WIDTH32_BROAD_TYPE_WIDTH2_BROAD_ID_WIDTH5_BREQ_FIFO_SIZE2_BREQ_FIFO_SIZE_LOG21', input pin 'broad_id_array_i[6]' of hierarchical cell 'mesi_isc_breq_fifos_cntl' has no internal loads and is not connected to any nets. (LINT-60)
Warning: In design 'mesi_isc_breq_fifos_MBUS_CMD_WIDTH3_ADDR_WIDTH32_BROAD_TYPE_WIDTH2_BROAD_ID_WIDTH5_BREQ_FIFO_SIZE2_BREQ_FIFO_SIZE_LOG21', input pin 'broad_id_array_i[5]' of hierarchical cell 'mesi_isc_breq_fifos_cntl' has no internal loads and is not connected to any nets. (LINT-60)
Warning: In design 'mesi_isc_breq_fifos_MBUS_CMD_WIDTH3_ADDR_WIDTH32_BROAD_TYPE_WIDTH2_BROAD_ID_WIDTH5_BREQ_FIFO_SIZE2_BREQ_FIFO_SIZE_LOG21', input pin 'broad_id_array_i[4]' of hierarchical cell 'mesi_isc_breq_fifos_cntl' has no internal loads and is not connected to any nets. (LINT-60)
Warning: In design 'mesi_isc_breq_fifos_MBUS_CMD_WIDTH3_ADDR_WIDTH32_BROAD_TYPE_WIDTH2_BROAD_ID_WIDTH5_BREQ_FIFO_SIZE2_BREQ_FIFO_SIZE_LOG21', input pin 'broad_id_array_i[3]' of hierarchical cell 'mesi_isc_breq_fifos_cntl' has no internal loads and is not connected to any nets. (LINT-60)
Warning: In design 'mesi_isc_breq_fifos_MBUS_CMD_WIDTH3_ADDR_WIDTH32_BROAD_TYPE_WIDTH2_BROAD_ID_WIDTH5_BREQ_FIFO_SIZE2_BREQ_FIFO_SIZE_LOG21', input pin 'broad_id_array_i[2]' of hierarchical cell 'mesi_isc_breq_fifos_cntl' has no internal loads and is not connected to any nets. (LINT-60)
Warning: In design 'mesi_isc_breq_fifos_MBUS_CMD_WIDTH3_ADDR_WIDTH32_BROAD_TYPE_WIDTH2_BROAD_ID_WIDTH5_BREQ_FIFO_SIZE2_BREQ_FIFO_SIZE_LOG21', input pin 'broad_id_array_i[1]' of hierarchical cell 'mesi_isc_breq_fifos_cntl' has no internal loads and is not connected to any nets. (LINT-60)
Warning: In design 'mesi_isc_breq_fifos_MBUS_CMD_WIDTH3_ADDR_WIDTH32_BROAD_TYPE_WIDTH2_BROAD_ID_WIDTH5_BREQ_FIFO_SIZE2_BREQ_FIFO_SIZE_LOG21', input pin 'broad_id_array_i[0]' of hierarchical cell 'mesi_isc_breq_fifos_cntl' has no internal loads and is not connected to any nets. (LINT-60)
1
