============================================================
  Generated by:           Genus(TM) Synthesis Solution 19.12-s121_1
  Generated on:           Dec 06 2024  01:00:45 am
  Module:                 mesi_isc
  Technology libraries:   saed32rvt_ss0p95v125c 1.0000000
                          saed32hvt_ss0p95v125c 1.0000000
                          saed32io_wb_ss0p95v125c_2p25v 
                          saed32sram_ss0p95v125c 1.0000000
                          saed32pll_ss0p95v125c_2p25v 
  Operating conditions:   _nominal_ (balanced_tree)
  Wireload mode:          enclosed
  Area mode:              timing library
============================================================

Timing
--------

Clock Period 
-------------
clk   1000.0 


  Cost    Critical         Violating 
 Group   Path Slack  TNS     Paths   
-------------------------------------
clk             0.4   0.0          0 
default    No paths   0.0            
-------------------------------------
Total                 0.0          0 

Instance Count
--------------
Leaf Instance Count             2250 
Physical Instance count            0 
Sequential Instance Count        636 
Combinational Instance Count    1614 
Hierarchical Instance Count        9 

Area
----
Cell Area                          9547.682
Physical Cell Area                 0.000
Total Cell Area (Cell+Physical)    9547.682
Net Area                           0.000
Total Area (Cell+Physical+Net)     9547.682

Max Fanout                         636 (clk)
Min Fanout                         0 (broad_id_0_)
Average Fanout                     2.1
Terms to net ratio                 3.4370
Terms to instance ratio            4.7751
Runtime                            69.658447 seconds
Elapsed Runtime                    89 seconds
Genus peak memory usage            1487.55 
Innovus peak memory usage          no_value 
Hostname                           auto.ece.pdx.edu
